yarn run v1.22.19
$ storybook build --output-dir C:\Users\WISH\AppData\Local\Temp\chromatic--1096-aAGOuKu4AByB
@storybook/cli v7.0.6

info => Cleaning outputDir: C:\Users\WISH\AppData\Local\Temp\chromatic--1096-aAGOuKu4AByB
info => Loading presets
info => Building manager..
info => Manager built (888 ms)
info => Copying static files: C:\Users\WISH\Desktop\web3-expert\wish-story-book\node_modules\@storybook\manager\static at C:\Users\WISH\AppData\Local\Temp\chromatic--1096-aAGOuKu4AByB\sb-common-assets
info => Copying static files: C:\Users\WISH\Desktop\web3-expert\wish-story-book\public at C:\Users\WISH\AppData\Local\Temp\chromatic--1096-aAGOuKu4AByB\
[36mvite v4.2.2 [32mbuilding for production...[36m[39m

./sb-common-assets/fonts.css doesn't exist at build time, it will remain unchanged to be resolved at runtime
transforming...
Use of eval in "node_modules/telejson/dist/index.mjs" is strongly discouraged as it poses security risks and may cause issues with minification.
Use of eval in "node_modules/telejson/dist/index.mjs" is strongly discouraged as it poses security risks and may cause issues with minification.
[32m✓[39m 1670 modules transformed.
rendering chunks...
computing gzip size...
[2m../../../AppData/Local/Temp/chromatic--1096-aAGOuKu4AByB/[22m[32miframe.html                                         [39m[1m[2m 12.60 kB[22m[1m[22m
[2m../../../AppData/Local/Temp/chromatic--1096-aAGOuKu4AByB/[22m[32massets/percolate-dac75269.ttf                       [39m[1m[2m 34.04 kB[22m[1m[22m
[2m../../../AppData/Local/Temp/chromatic--1096-aAGOuKu4AByB/[22m[32massets/percolate-ec979d96.woff                      [39m[1m[2m 34.11 kB[22m[1m[22m
[2m../../../AppData/Local/Temp/chromatic--1096-aAGOuKu4AByB/[22m[32massets/percolate-5ed633c2.eot                       [39m[1m[2m 34.21 kB[22m[1m[22m
[2m../../../AppData/Local/Temp/chromatic--1096-aAGOuKu4AByB/[22m[32massets/percolate-d13fa91b.svg                       [39m[1m[2m140.51 kB[22m[1m[22m
[2m../../../AppData/Local/Temp/chromatic--1096-aAGOuKu4AByB/[22m[35massets/preview-5aa409f4.css                         [39m[1m[2m  6.89 kB[22m[1m[22m[2m │ gzip:   2.05 kB[22m
[2m../../../AppData/Local/Temp/chromatic--1096-aAGOuKu4AByB/[22m[36massets/index-d475d2ea.js                            [39m[1m[2m  0.21 kB[22m[1m[22m[2m │ gzip:   0.17 kB[22m[2m │ map:     0.82 kB[22m
[2m../../../AppData/Local/Temp/chromatic--1096-aAGOuKu4AByB/[22m[36massets/_commonjs-dynamic-modules-302442b1.js        [39m[1m[2m  0.30 kB[22m[1m[22m[2m │ gzip:   0.24 kB[22m[2m │ map:     0.12 kB[22m
[2m../../../AppData/Local/Temp/chromatic--1096-aAGOuKu4AByB/[22m[36massets/WithTooltip-FBT32F6Q-82fc5a54.js             [39m[1m[2m  0.55 kB[22m[1m[22m[2m │ gzip:   0.32 kB[22m[2m │ map:     0.11 kB[22m
[2m../../../AppData/Local/Temp/chromatic--1096-aAGOuKu4AByB/[22m[36massets/syntaxhighlighter-QTQ2UBB4-596b852d.js       [39m[1m[2m  0.57 kB[22m[1m[22m[2m │ gzip:   0.35 kB[22m[2m │ map:     0.12 kB[22m
[2m../../../AppData/Local/Temp/chromatic--1096-aAGOuKu4AByB/[22m[36massets/index-6d7aa4ee.js                            [39m[1m[2m  0.62 kB[22m[1m[22m[2m │ gzip:   0.38 kB[22m[2m │ map:     4.27 kB[22m
[2m../../../AppData/Local/Temp/chromatic--1096-aAGOuKu4AByB/[22m[36massets/preview-0435c720.js                          [39m[1m[2m  0.69 kB[22m[1m[22m[2m │ gzip:   0.49 kB[22m[2m │ map:     3.79 kB[22m
[2m../../../AppData/Local/Temp/chromatic--1096-aAGOuKu4AByB/[22m[36massets/_commonjsHelpers-042e6b4d.js                 [39m[1m[2m  0.78 kB[22m[1m[22m[2m │ gzip:   0.44 kB[22m[2m │ map:     0.11 kB[22m
[2m../../../AppData/Local/Temp/chromatic--1096-aAGOuKu4AByB/[22m[36massets/index-356e4a49.js                            [39m[1m[2m  0.81 kB[22m[1m[22m[2m │ gzip:   0.51 kB[22m[2m │ map:     3.25 kB[22m
[2m../../../AppData/Local/Temp/chromatic--1096-aAGOuKu4AByB/[22m[36massets/preview-25083b70.js                          [39m[1m[2m  0.83 kB[22m[1m[22m[2m │ gzip:   0.49 kB[22m[2m │ map:     1.23 kB[22m
[2m../../../AppData/Local/Temp/chromatic--1096-aAGOuKu4AByB/[22m[36massets/preview-b1164a2e.js                          [39m[1m[2m  0.88 kB[22m[1m[22m[2m │ gzip:   0.58 kB[22m[2m │ map:     2.80 kB[22m
[2m../../../AppData/Local/Temp/chromatic--1096-aAGOuKu4AByB/[22m[36massets/preview-fe4c1b92.js                          [39m[1m[2m  1.06 kB[22m[1m[22m[2m │ gzip:   0.69 kB[22m[2m │ map:     3.11 kB[22m
[2m../../../AppData/Local/Temp/chromatic--1096-aAGOuKu4AByB/[22m[36massets/preview-bb5acd95.js                          [39m[1m[2m  2.38 kB[22m[1m[22m[2m │ gzip:   1.26 kB[22m[2m │ map:    10.25 kB[22m
[2m../../../AppData/Local/Temp/chromatic--1096-aAGOuKu4AByB/[22m[36massets/index-d37d4223.js                            [39m[1m[2m  2.63 kB[22m[1m[22m[2m │ gzip:   1.30 kB[22m[2m │ map:     7.46 kB[22m
[2m../../../AppData/Local/Temp/chromatic--1096-aAGOuKu4AByB/[22m[36massets/Task.stories-00960f77.js                     [39m[1m[2m  3.08 kB[22m[1m[22m[2m │ gzip:   1.41 kB[22m[2m │ map:     4.43 kB[22m
[2m../../../AppData/Local/Temp/chromatic--1096-aAGOuKu4AByB/[22m[36massets/preview-f96f0111.js                          [39m[1m[2m  3.29 kB[22m[1m[22m[2m │ gzip:   1.41 kB[22m[2m │ map:    10.08 kB[22m
[2m../../../AppData/Local/Temp/chromatic--1096-aAGOuKu4AByB/[22m[36massets/preview-fc9f5a77.js                          [39m[1m[2m  3.78 kB[22m[1m[22m[2m │ gzip:   1.79 kB[22m[2m │ map:    14.52 kB[22m
[2m../../../AppData/Local/Temp/chromatic--1096-aAGOuKu4AByB/[22m[36massets/iframe-a1830ade.js                           [39m[1m[2m  4.83 kB[22m[1m[22m[2m │ gzip:   1.71 kB[22m[2m │ map:     5.59 kB[22m
[2m../../../AppData/Local/Temp/chromatic--1096-aAGOuKu4AByB/[22m[36massets/index-f1f749bf.js                            [39m[1m[2m  7.25 kB[22m[1m[22m[2m │ gzip:   2.96 kB[22m[2m │ map:    15.67 kB[22m
[2m../../../AppData/Local/Temp/chromatic--1096-aAGOuKu4AByB/[22m[36massets/preview-62235626.js                          [39m[1m[2m  7.69 kB[22m[1m[22m[2m │ gzip:   1.60 kB[22m[2m │ map:    13.68 kB[22m
[2m../../../AppData/Local/Temp/chromatic--1096-aAGOuKu4AByB/[22m[36massets/preview-e6f1f377.js                          [39m[1m[2m  7.97 kB[22m[1m[22m[2m │ gzip:   3.03 kB[22m[2m │ map:    28.17 kB[22m
[2m../../../AppData/Local/Temp/chromatic--1096-aAGOuKu4AByB/[22m[36massets/index-078d3f98.js                            [39m[1m[2m 10.06 kB[22m[1m[22m[2m │ gzip:   3.66 kB[22m[2m │ map:    26.47 kB[22m
[2m../../../AppData/Local/Temp/chromatic--1096-aAGOuKu4AByB/[22m[36massets/GlobalScrollAreaStyles-XIHNDKUY-5bce9185.js  [39m[1m[2m 10.53 kB[22m[1m[22m[2m │ gzip:   2.40 kB[22m[2m │ map:    15.70 kB[22m
[2m../../../AppData/Local/Temp/chromatic--1096-aAGOuKu4AByB/[22m[36massets/preview-8e084d2f.js                          [39m[1m[2m 11.13 kB[22m[1m[22m[2m │ gzip:   3.76 kB[22m[2m │ map:    41.75 kB[22m
[2m../../../AppData/Local/Temp/chromatic--1096-aAGOuKu4AByB/[22m[36massets/Color-3YIJY6X7-3b5304c8.js                   [39m[1m[2m 31.11 kB[22m[1m[22m[2m │ gzip:  11.69 kB[22m[2m │ map:   112.38 kB[22m
[2m../../../AppData/Local/Temp/chromatic--1096-aAGOuKu4AByB/[22m[36massets/TaskList.stories-459792b3.js                 [39m[1m[2m 40.53 kB[22m[1m[22m[2m │ gzip:  13.99 kB[22m[2m │ map:   239.57 kB[22m
[2m../../../AppData/Local/Temp/chromatic--1096-aAGOuKu4AByB/[22m[36massets/OverlayScrollbars-VAV6LJAB-a5612db2.js       [39m[1m[2m 59.11 kB[22m[1m[22m[2m │ gzip:  25.35 kB[22m[2m │ map:   277.20 kB[22m
[2m../../../AppData/Local/Temp/chromatic--1096-aAGOuKu4AByB/[22m[36massets/_getPrototype-ad889add.js                    [39m[1m[2m 78.82 kB[22m[1m[22m[2m │ gzip:  23.65 kB[22m[2m │ map:   324.81 kB[22m
[2m../../../AppData/Local/Temp/chromatic--1096-aAGOuKu4AByB/[22m[36massets/index-96c5f47c.js                            [39m[1m[2m134.19 kB[22m[1m[22m[2m │ gzip:  43.27 kB[22m[2m │ map:   326.68 kB[22m
[2m../../../AppData/Local/Temp/chromatic--1096-aAGOuKu4AByB/[22m[36massets/config-cae35e8f.js                           [39m[1m[2m214.38 kB[22m[1m[22m[2m │ gzip:  66.75 kB[22m[2m │ map:   806.53 kB[22m
[2m../../../AppData/Local/Temp/chromatic--1096-aAGOuKu4AByB/[22m[36massets/InboxScreen.stories-1c47fc6a.js              [39m[1m[2m258.21 kB[22m[1m[22m[2m │ gzip:  60.69 kB[22m[2m │ map:   920.28 kB[22m
[2m../../../AppData/Local/Temp/chromatic--1096-aAGOuKu4AByB/[22m[36massets/index-7fd7b4cd.js                            [39m[1m[2m337.22 kB[22m[1m[22m[2m │ gzip:  99.43 kB[22m[2m │ map: 1,430.76 kB[22m
[2m../../../AppData/Local/Temp/chromatic--1096-aAGOuKu4AByB/[22m[36massets/DocsRenderer-7FRJXR4N-3cf1f514.js            [39m[1m[33m504.82 kB[39m[22m[2m │ gzip: 166.17 kB[22m[2m │ map: 1,435.47 kB[22m
[2m../../../AppData/Local/Temp/chromatic--1096-aAGOuKu4AByB/[22m[36massets/axe-84f0fd51.js                              [39m[1m[33m554.61 kB[39m[22m[2m │ gzip: 151.95 kB[22m[2m │ map: 1,991.86 kB[22m
[2m../../../AppData/Local/Temp/chromatic--1096-aAGOuKu4AByB/[22m[36massets/formatter-S4K5WUZV-0d021507.js               [39m[1m[33m601.76 kB[39m[22m[2m │ gzip: 185.12 kB[22m[2m │ map: 1,315.96 kB[22m
[33m
(!) Some chunks are larger than 500 kBs after minification. Consider:
- Using dynamic import() to code-split the application
- Use build.rollupOptions.output.manualChunks to improve chunking: https://rollupjs.org/configuration-options/#output-manualchunks
- Adjust chunk size limit for this warning via build.chunkSizeWarningLimit.[39m
[32m✓[39m built in 27.78s
info => Output directory: C:\Users\WISH\AppData\Local\Temp\chromatic--1096-aAGOuKu4AByB
Done in 41.88s.
