
Chromatic CLI v7.5.4
https://www.chromatic.com/docs/cli

Authenticating with Chromatic
    → Connecting to https://index.chromatic.com
Authenticated with Chromatic
    → Using project token '****************0f37'
Retrieving git information
Retrieved git information
    → Commit 'f59fe8b' on branch 'main'; no ancestor found
Collecting Storybook metadata
Collected Storybook metadata
    → Storybook 7.0.6 for React; using the @storybook/react-vite builder (7.0.6); supported addons found: Links, Essentials, Interactions, A11y
Initializing build
Initialized build
    → Build 1 initialized
Building your Storybook
    → Running command: yarn run build-storybook --output-dir C:\Users\WISH\AppData\Local\Temp\chromatic--1096-aAGOuKu4AByB
Storybook built in 42 seconds
    → View build log at C:\Users\WISH\Desktop\web3-expert\wish-story-book\build-storybook.log
Publish your built Storybook
    → Validating Storybook files
Publishing your built Storybook
    → Retrieving target location
    → Starting publish
    → [                    ] 0%
    → [=                   ] 7%
    → [==                  ] 9%
    → [==                  ] 11%
    → [==                  ] 12%
    → [===                 ] 13%
    → [===                 ] 14%
    → [===                 ] 15%
    → [===                 ] 16%
    → [===                 ] 17%
    → [====                ] 18%
    → [====                ] 19%
    → [====                ] 20%
    → [====                ] 21%
    → [====                ] 22%
    → [=====               ] 23%
    → [=====               ] 24%
    → [=====               ] 25%
    → [=====               ] 26%
    → [=====               ] 27%
    → [======              ] 29%
    → [======              ] 30%
    → [======              ] 31%
    → [======              ] 32%
    → [=======             ] 33%
    → [=======             ] 34%
    → [=======             ] 35%
    → [=======             ] 37%
    → [========            ] 38%
    → [========            ] 39%
    → [========            ] 40%
    → [========            ] 41%
    → [========            ] 42%
    → [=========           ] 43%
    → [=========           ] 44%
    → [=========           ] 45%
    → [=========           ] 47%
    → [==========          ] 48%
    → [==========          ] 49%
    → [==========          ] 50%
    → [==========          ] 51%
    → [==========          ] 52%
    → [===========         ] 53%
    → [===========         ] 54%
    → [===========         ] 55%
    → [===========         ] 56%
    → [===========         ] 57%
    → [============        ] 58%
    → [============        ] 59%
    → [============        ] 60%
    → [============        ] 61%
    → [============        ] 62%
    → [=============       ] 63%
    → [=============       ] 64%
    → [=============       ] 65%
    → [=============       ] 66%
    → [=============       ] 67%
    → [==============      ] 68%
    → [==============      ] 69%
    → [==============      ] 70%
    → [==============      ] 71%
    → [==============      ] 72%
    → [===============     ] 73%
    → [===============     ] 74%
    → [===============     ] 75%
    → [===============     ] 76%
    → [===============     ] 77%
    → [================    ] 78%
    → [================    ] 79%
    → [================    ] 80%
    → [================    ] 81%
    → [================    ] 82%
    → [=================   ] 83%
    → [=================   ] 84%
    → [=================   ] 85%
    → [=================   ] 86%
    → [=================   ] 87%
    → [==================  ] 88%
    → [==================  ] 89%
    → [==================  ] 90%
    → [==================  ] 91%
    → [==================  ] 92%
    → [=================== ] 93%
    → [=================== ] 94%
    → [=================== ] 95%
    → [=================== ] 96%
    → [=================== ] 97%
    → [====================] 98%
    → [====================] 99%
    → [====================] 100%
Publish complete in 1 minute 15 seconds
    → View your Storybook at https://653d634dbf6acb875f91da8a-crlhvjlmmr.chromatic.com
Verifying your Storybook
    → This may take a few minutes
Started build 1
    → Continue setup at https://www.chromatic.com/setup?appId=653d634dbf6acb875f91da8a
Running 9 tests
    → This may take a few minutes
i Speed up Continuous Integration
Your project is linked to GitHub so Chromatic will report results there.
This means you can pass the --exit-once-uploaded flag to skip waiting for build results.
Read more here: https://www.chromatic.com/docs/cli#chromatic-options
    → [==                  ] 1/9  InboxScreen › Default 
    → [====                ] 2/9  InboxScreen › Error 
    → [=========           ] 4/9  Task › Pinned 
    → [=============       ] 6/9  TaskList › Default 
    → [====================] 9/9  TaskList › Empty 
√ Build passed. Welcome to Chromatic!
We found 3 components with 9 stories and took 9 snapshots.
i Please continue setup at https://www.chromatic.com/setup?appId=653d634dbf6acb875f91da8a
Build 1 auto-accepted
    → Tested 9 stories across 3 components; captured 9 snapshots in 26 seconds


